<?xml version="1.0" encoding="UTF-8"?>
<!-- Generated by org.testng.reporters.JUnitXMLReporter -->
<testsuite hostname="info-MACs-MacBook-Pro.local" ignored="0" tests="10" failures="0" timestamp="2021-06-17T17:36:37 IST" time="12.724" errors="0">
  <testcase name="getUserListAPI" time="1.898" classname="UserTest"/>
  <testcase name="getUserSpecificUser" time="0.79" classname="UserTest"/>
  <testcase name="createUserSpecificUser" time="0.956" classname="UserTest"/>
  <testcase name="updateUserSpecificUser" time="1.137" classname="UserTest"/>
  <testcase name="getCommentsListAPI" time="0.656" classname="CommentTest"/>
  <testcase name="getCommentsSpecificPosts" time="0.938" classname="CommentTest"/>
  <testcase name="createCommentsSpecificPosts" time="1.991" classname="CommentTest"/>
  <testcase name="getPostsListAPI" time="0.566" classname="PostTest"/>
  <testcase name="getUserSpecificPosts" time="0.688" classname="PostTest"/>
  <testcase name="createPostSpecificPosts" time="3.066" classname="PostTest"/>
</testsuite>
