<?xml version="1.0" encoding="UTF-8" ?>
<testsuite tests="10" failures="0" name="TestSuite" time="12.688" errors="0" skipped="0">
  <properties>
[...]
</properties>
  <testcase classname="UserTest" name="getUserListAPI" time="1.9"/>
  <testcase classname="UserTest" name="getUserSpecificUser" time="0.79"/>
  <testcase classname="UserTest" name="createUserSpecificUser" time="0.956"/>
  <testcase classname="UserTest" name="updateUserSpecificUser" time="1.137"/>
  <testcase classname="CommentTest" name="getCommentsListAPI" time="0.674"/>
  <testcase classname="CommentTest" name="getCommentsSpecificPosts" time="0.919"/>
  <testcase classname="CommentTest" name="createCommentsSpecificPosts" time="1.99"/>
  <testcase classname="PostTest" name="getPostsListAPI" time="0.601"/>
  <testcase classname="PostTest" name="getUserSpecificPosts" time="0.654"/>
  <testcase classname="PostTest" name="createPostSpecificPosts" time="3.067"/>
</testsuite>